#-----------------------------------------------------------
# Vivado v2016.4 (64-bit)
# SW Build 1756540 on Mon Jan 23 19:11:23 MST 2017
# IP Build 1755317 on Mon Jan 23 20:30:07 MST 2017
# Start of session at: Thu Apr 13 23:13:48 2017
# Process ID: 6104
# Current directory: C:/Users/tmcphill/GitRepos/ultrazed-eg-platforms/starter-kit-demo
# Command line: vivado.exe -gui_launcher_event rodinguilauncherevent9312 C:\Users\tmcphill\GitRepos\ultrazed-eg-platforms\starter-kit-demo\starter-kit-demo.xpr
# Log file: C:/Users/tmcphill/GitRepos/ultrazed-eg-platforms/starter-kit-demo/vivado.log
# Journal file: C:/Users/tmcphill/GitRepos/ultrazed-eg-platforms/starter-kit-demo\vivado.jou
#-----------------------------------------------------------
Sourcing tcl script 'C:/Xilinx/Vivado/2016.4/scripts/init.tcl'
176 Beta devices matching pattern found, 24 enabled.
start_gui
open_project C:/Users/tmcphill/GitRepos/ultrazed-eg-platforms/starter-kit-demo/starter-kit-demo.xpr
Scanning sources...
Finished scanning sources
INFO: [IP_Flow 19-234] Refreshing IP repositories
INFO: [IP_Flow 19-1704] No user IP repositories specified
INFO: [IP_Flow 19-2313] Loaded Vivado IP repository 'C:/Xilinx/Vivado/2016.4/data/ip'.
open_project: Time (s): cpu = 00:00:18 ; elapsed = 00:00:14 . Memory (MB): peak = 1006.051 ; gain = 359.980
create_bd_design "starter_kit_demo_design"
Wrote  : <C:/Users/tmcphill/GitRepos/ultrazed-eg-platforms/starter-kit-demo/starter-kit-demo.srcs/sources_1/bd/starter_kit_demo_design/starter_kit_demo_design.bd> 
create_bd_design: Time (s): cpu = 00:00:08 ; elapsed = 00:00:07 . Memory (MB): peak = 1033.762 ; gain = 18.164
startgroup
create_bd_cell -type ip -vlnv xilinx.com:ip:zynq_ultra_ps_e:2.0 zynq_ultra_ps_e_0
create_bd_cell: Time (s): cpu = 00:00:05 ; elapsed = 00:00:08 . Memory (MB): peak = 1207.000 ; gain = 155.066
endgroup
apply_bd_automation -rule xilinx.com:bd_rule:zynq_ultra_ps_e -config {apply_board_preset "1" }  [get_bd_cells zynq_ultra_ps_e_0]
apply_bd_automation: Time (s): cpu = 00:00:10 ; elapsed = 00:00:09 . Memory (MB): peak = 1207.000 ; gain = 0.000
save_bd_design
Wrote  : <C:/Users/tmcphill/GitRepos/ultrazed-eg-platforms/starter-kit-demo/starter-kit-demo.srcs/sources_1/bd/starter_kit_demo_design/starter_kit_demo_design.bd> 
exit
INFO: [Common 17-206] Exiting Vivado at Fri Apr 14 00:59:48 2017...
