Copyright 1986-2016 Xilinx, Inc. All Rights Reserved.
-----------------------------------------------------------------------------------------------------------------------------------------------------------
| Tool Version : Vivado v.2016.4 (win64) Build 1756540 Mon Jan 23 19:11:23 MST 2017
| Date         : Sat Apr 15 17:18:10 2017
| Host         : calypso-win running 64-bit major release  (build 9200)
| Command      : report_utilization -file starter_kit_demo_design_wrapper_utilization_placed.rpt -pb starter_kit_demo_design_wrapper_utilization_placed.pb
| Design       : starter_kit_demo_design_wrapper
| Device       : xczu3egsfva625-1
| Design State : Fully Placed
-----------------------------------------------------------------------------------------------------------------------------------------------------------

Utilization Design Information

Table of Contents
-----------------
1. CLB Logic
1.1 Summary of Registers by Type
2. CLB Logic Distribution
3. BLOCKRAM
4. ARITHMETIC
5. I/O
6. CLOCK
7. ADVANCED
8. CONFIGURATION
9. Primitives
10. Black Boxes
11. Instantiated Netlists

1. CLB Logic
------------

+----------------------------+------+-------+-----------+-------+
|          Site Type         | Used | Fixed | Available | Util% |
+----------------------------+------+-------+-----------+-------+
| CLB LUTs                   | 1327 |     0 |     70560 |  1.88 |
|   LUT as Logic             | 1241 |     0 |     70560 |  1.76 |
|   LUT as Memory            |   86 |     0 |     28800 |  0.30 |
|     LUT as Distributed RAM |   40 |     0 |           |       |
|     LUT as Shift Register  |   46 |     0 |           |       |
| CLB Registers              | 1602 |     0 |    141120 |  1.14 |
|   Register as Flip Flop    | 1602 |     0 |    141120 |  1.14 |
|   Register as Latch        |    0 |     0 |    141120 |  0.00 |
| CARRY8                     |    8 |     0 |      8820 |  0.09 |
| F7 Muxes                   |    4 |     0 |     35280 |  0.01 |
| F8 Muxes                   |    0 |     0 |     17640 |  0.00 |
| F9 Muxes                   |    0 |     0 |      8820 |  0.00 |
+----------------------------+------+-------+-----------+-------+


1.1 Summary of Registers by Type
--------------------------------

+-------+--------------+-------------+--------------+
| Total | Clock Enable | Synchronous | Asynchronous |
+-------+--------------+-------------+--------------+
| 0     |            _ |           - |            - |
| 0     |            _ |           - |          Set |
| 0     |            _ |           - |        Reset |
| 0     |            _ |         Set |            - |
| 0     |            _ |       Reset |            - |
| 0     |          Yes |           - |            - |
| 63    |          Yes |           - |          Set |
| 69    |          Yes |           - |        Reset |
| 66    |          Yes |         Set |            - |
| 1404  |          Yes |       Reset |            - |
+-------+--------------+-------------+--------------+


2. CLB Logic Distribution
-------------------------

+-------------------------------------------+------+-------+-----------+-------+
|                 Site Type                 | Used | Fixed | Available | Util% |
+-------------------------------------------+------+-------+-----------+-------+
| CLB                                       |  288 |     0 |      8820 |  3.27 |
|   CLBL                                    |  182 |     0 |           |       |
|   CLBM                                    |  106 |     0 |           |       |
| LUT as Logic                              | 1241 |     0 |     70560 |  1.76 |
|   using O5 output only                    |   55 |       |           |       |
|   using O6 output only                    |  882 |       |           |       |
|   using O5 and O6                         |  304 |       |           |       |
| LUT as Memory                             |   86 |     0 |     28800 |  0.30 |
|   LUT as Distributed RAM                  |   40 |     0 |           |       |
|     using O5 output only                  |    0 |       |           |       |
|     using O6 output only                  |    0 |       |           |       |
|     using O5 and O6                       |   40 |       |           |       |
|   LUT as Shift Register                   |   46 |     0 |           |       |
|     using O5 output only                  |    0 |       |           |       |
|     using O6 output only                  |   46 |       |           |       |
|     using O5 and O6                       |    0 |       |           |       |
| LUT Flip Flop Pairs                       |  596 |     0 |     70560 |  0.84 |
|   fully used LUT-FF pairs                 |  169 |       |           |       |
|   LUT-FF pairs with one unused LUT output |  417 |       |           |       |
|   LUT-FF pairs with one unused Flip Flop  |  349 |       |           |       |
| Unique Control Sets                       |  105 |       |           |       |
+-------------------------------------------+------+-------+-----------+-------+
* Note: Review the Control Sets Report for more information regarding control sets.


3. BLOCKRAM
-----------

+----------------+------+-------+-----------+-------+
|    Site Type   | Used | Fixed | Available | Util% |
+----------------+------+-------+-----------+-------+
| Block RAM Tile |    0 |     0 |       216 |  0.00 |
|   RAMB36/FIFO* |    0 |     0 |       216 |  0.00 |
|   RAMB18       |    0 |     0 |       432 |  0.00 |
+----------------+------+-------+-----------+-------+
* Note: Each Block RAM Tile only has one FIFO logic available and therefore can accommodate only one FIFO36E2 or one FIFO18E2. However, if a FIFO18E2 occupies a Block RAM Tile, that tile can still accommodate a RAMB18E2


4. ARITHMETIC
-------------

+-----------+------+-------+-----------+-------+
| Site Type | Used | Fixed | Available | Util% |
+-----------+------+-------+-----------+-------+
| DSPs      |    0 |     0 |       360 |  0.00 |
+-----------+------+-------+-----------+-------+


5. I/O
------

+------------------+------+-------+-----------+-------+
|     Site Type    | Used | Fixed | Available | Util% |
+------------------+------+-------+-----------+-------+
| Bonded IOB       |   19 |    19 |       180 | 10.56 |
| HPIOB_M          |    9 |     9 |        72 | 12.50 |
|   INPUT          |    5 |       |           |       |
|   OUTPUT         |    4 |       |           |       |
|   BIDIR          |    0 |       |           |       |
| HPIOB_S          |   10 |    10 |        72 | 13.89 |
|   INPUT          |    6 |       |           |       |
|   OUTPUT         |    4 |       |           |       |
|   BIDIR          |    0 |       |           |       |
| HDIOB_M          |    0 |     0 |        12 |  0.00 |
| HDIOB_S          |    0 |     0 |        12 |  0.00 |
| HPIOB_SNGL       |    0 |     0 |        12 |  0.00 |
| HPIOBDIFFINBUF   |    0 |     0 |        72 |  0.00 |
| HPIOBDIFFOUTBUF  |    0 |     0 |        72 |  0.00 |
| HDIOBDIFFINBUF   |    0 |     0 |        48 |  0.00 |
| BITSLICE_CONTROL |    0 |     0 |        24 |  0.00 |
| BITSLICE_RX_TX   |    0 |     0 |       156 |  0.00 |
| BITSLICE_TX      |    0 |     0 |        24 |  0.00 |
| RIU_OR           |    0 |     0 |        12 |  0.00 |
+------------------+------+-------+-----------+-------+


6. CLOCK
--------

+----------------------+------+-------+-----------+-------+
|       Site Type      | Used | Fixed | Available | Util% |
+----------------------+------+-------+-----------+-------+
| GLOBAL CLOCK BUFFERs |    1 |     0 |       196 |  0.51 |
|   BUFGCE             |    0 |     0 |        88 |  0.00 |
|   BUFGCE_DIV         |    0 |     0 |        12 |  0.00 |
|   BUFG_PS            |    1 |     0 |        72 |  1.39 |
|   BUFGCTRL*          |    0 |     0 |        24 |  0.00 |
+----------------------+------+-------+-----------+-------+
* Note: Each used BUFGCTRL counts as two global buffer resources. This table does not include global clocking resources, only buffer cell usage. See the Clock Utilization Report (report_clock_utilization) for detailed accounting of global clocking resource availability.


7. ADVANCED
-----------

+-----------+------+-------+-----------+--------+
| Site Type | Used | Fixed | Available |  Util% |
+-----------+------+-------+-----------+--------+
| PS8       |    1 |     0 |         1 | 100.00 |
| SYSMONE4  |    0 |     0 |         1 |   0.00 |
+-----------+------+-------+-----------+--------+


8. CONFIGURATION
----------------

+------------+------+-------+-----------+-------+
|  Site Type | Used | Fixed | Available | Util% |
+------------+------+-------+-----------+-------+
| BSCANE2    |    0 |     0 |         4 |  0.00 |
| DNA_PORTE2 |    0 |     0 |         1 |  0.00 |
| EFUSE_USR  |    0 |     0 |         1 |  0.00 |
| ICAPE3     |    0 |     0 |         2 |  0.00 |
| STARTUPE3  |    0 |     0 |         1 |  0.00 |
+------------+------+-------+-----------+-------+


9. Primitives
-------------

+----------+------+---------------------+
| Ref Name | Used | Functional Category |
+----------+------+---------------------+
| FDRE     | 1404 |            Register |
| LUT6     |  551 |                 CLB |
| LUT3     |  293 |                 CLB |
| LUT4     |  290 |                 CLB |
| LUT5     |  204 |                 CLB |
| LUT2     |  173 |                 CLB |
| RAMD32   |   70 |                 CLB |
| FDCE     |   69 |            Register |
| FDSE     |   66 |            Register |
| FDPE     |   63 |            Register |
| SRLC32E  |   35 |                 CLB |
| LUT1     |   34 |                 CLB |
| SRL16E   |   11 |                 CLB |
| INBUF    |   11 |                 I/O |
| IBUFCTRL |   11 |              Others |
| RAMS32   |   10 |                 CLB |
| OBUF     |    8 |                 I/O |
| CARRY8   |    8 |                 CLB |
| MUXF7    |    4 |                 CLB |
| PS8      |    1 |            Advanced |
| BUFG_PS  |    1 |               Clock |
+----------+------+---------------------+


10. Black Boxes
---------------

+----------+------+
| Ref Name | Used |
+----------+------+


11. Instantiated Netlists
-------------------------

+---------------------------------------------+------+
|                   Ref Name                  | Used |
+---------------------------------------------+------+
| starter_kit_demo_design_zynq_ultra_ps_e_0_0 |    1 |
| starter_kit_demo_design_xbar_0              |    1 |
| starter_kit_demo_design_rst_ps8_0_100M_0    |    1 |
| starter_kit_demo_design_axi_gpio_2_0        |    1 |
| starter_kit_demo_design_axi_gpio_1_0        |    1 |
| starter_kit_demo_design_axi_gpio_0_1        |    1 |
| starter_kit_demo_design_auto_pc_0           |    1 |
| starter_kit_demo_design_auto_ds_0           |    1 |
+---------------------------------------------+------+


