
*** Running vivado
    with args -log starter_kit_demo_design_axi_gpio_1_0.vds -m64 -product Vivado -mode batch -messageDb vivado.pb -notrace -source starter_kit_demo_design_axi_gpio_1_0.tcl


****** Vivado v2016.4 (64-bit)
  **** SW Build 1756540 on Mon Jan 23 19:11:23 MST 2017
  **** IP Build 1755317 on Mon Jan 23 20:30:07 MST 2017
    ** Copyright 1986-2016 Xilinx, Inc. All Rights Reserved.

Sourcing tcl script 'C:/Xilinx/Vivado/2016.4/scripts/init.tcl'
200 Beta devices matching pattern found, 24 enabled.
source starter_kit_demo_design_axi_gpio_1_0.tcl -notrace
Starting RTL Elaboration : Time (s): cpu = 00:00:17 ; elapsed = 00:00:19 . Memory (MB): peak = 592.621 ; gain = 382.926
INFO: [Synth 8-638] synthesizing module 'starter_kit_demo_design_axi_gpio_1_0' [c:/Users/tmcphill/GitRepos/ultrazed-eg-platforms/starter-kit-demo/starter-kit-demo.srcs/sources_1/bd/starter_kit_demo_design/ip/starter_kit_demo_design_axi_gpio_1_0_1/synth/starter_kit_demo_design_axi_gpio_1_0.vhd:84]
INFO: [Synth 8-638] synthesizing module 'axi_gpio' [c:/Users/tmcphill/GitRepos/ultrazed-eg-platforms/starter-kit-demo/starter-kit-demo.srcs/sources_1/bd/starter_kit_demo_design/ipshared/4f16/hdl/axi_gpio_v2_0_vh_rfs.vhd:1091]
INFO: [Synth 8-638] synthesizing module 'axi_lite_ipif' [c:/Users/tmcphill/GitRepos/ultrazed-eg-platforms/starter-kit-demo/starter-kit-demo.srcs/sources_1/bd/starter_kit_demo_design/ipshared/0ba0/hdl/axi_lite_ipif_v3_0_vh_rfs.vhd:2948]
INFO: [Synth 8-638] synthesizing module 'slave_attachment' [c:/Users/tmcphill/GitRepos/ultrazed-eg-platforms/starter-kit-demo/starter-kit-demo.srcs/sources_1/bd/starter_kit_demo_design/ipshared/0ba0/hdl/axi_lite_ipif_v3_0_vh_rfs.vhd:2341]
INFO: [Synth 8-638] synthesizing module 'address_decoder' [c:/Users/tmcphill/GitRepos/ultrazed-eg-platforms/starter-kit-demo/starter-kit-demo.srcs/sources_1/bd/starter_kit_demo_design/ipshared/0ba0/hdl/axi_lite_ipif_v3_0_vh_rfs.vhd:1775]
INFO: [Synth 8-638] synthesizing module 'pselect_f' [c:/Users/tmcphill/GitRepos/ultrazed-eg-platforms/starter-kit-demo/starter-kit-demo.srcs/sources_1/bd/starter_kit_demo_design/ipshared/0ba0/hdl/axi_lite_ipif_v3_0_vh_rfs.vhd:1534]
INFO: [Synth 8-256] done synthesizing module 'pselect_f' (1#1) [c:/Users/tmcphill/GitRepos/ultrazed-eg-platforms/starter-kit-demo/starter-kit-demo.srcs/sources_1/bd/starter_kit_demo_design/ipshared/0ba0/hdl/axi_lite_ipif_v3_0_vh_rfs.vhd:1534]
INFO: [Synth 8-638] synthesizing module 'pselect_f__parameterized0' [c:/Users/tmcphill/GitRepos/ultrazed-eg-platforms/starter-kit-demo/starter-kit-demo.srcs/sources_1/bd/starter_kit_demo_design/ipshared/0ba0/hdl/axi_lite_ipif_v3_0_vh_rfs.vhd:1534]
INFO: [Synth 8-256] done synthesizing module 'pselect_f__parameterized0' (1#1) [c:/Users/tmcphill/GitRepos/ultrazed-eg-platforms/starter-kit-demo/starter-kit-demo.srcs/sources_1/bd/starter_kit_demo_design/ipshared/0ba0/hdl/axi_lite_ipif_v3_0_vh_rfs.vhd:1534]
INFO: [Synth 8-638] synthesizing module 'pselect_f__parameterized1' [c:/Users/tmcphill/GitRepos/ultrazed-eg-platforms/starter-kit-demo/starter-kit-demo.srcs/sources_1/bd/starter_kit_demo_design/ipshared/0ba0/hdl/axi_lite_ipif_v3_0_vh_rfs.vhd:1534]
INFO: [Synth 8-256] done synthesizing module 'pselect_f__parameterized1' (1#1) [c:/Users/tmcphill/GitRepos/ultrazed-eg-platforms/starter-kit-demo/starter-kit-demo.srcs/sources_1/bd/starter_kit_demo_design/ipshared/0ba0/hdl/axi_lite_ipif_v3_0_vh_rfs.vhd:1534]
INFO: [Synth 8-638] synthesizing module 'pselect_f__parameterized2' [c:/Users/tmcphill/GitRepos/ultrazed-eg-platforms/starter-kit-demo/starter-kit-demo.srcs/sources_1/bd/starter_kit_demo_design/ipshared/0ba0/hdl/axi_lite_ipif_v3_0_vh_rfs.vhd:1534]
INFO: [Synth 8-256] done synthesizing module 'pselect_f__parameterized2' (1#1) [c:/Users/tmcphill/GitRepos/ultrazed-eg-platforms/starter-kit-demo/starter-kit-demo.srcs/sources_1/bd/starter_kit_demo_design/ipshared/0ba0/hdl/axi_lite_ipif_v3_0_vh_rfs.vhd:1534]
INFO: [Synth 8-256] done synthesizing module 'address_decoder' (2#1) [c:/Users/tmcphill/GitRepos/ultrazed-eg-platforms/starter-kit-demo/starter-kit-demo.srcs/sources_1/bd/starter_kit_demo_design/ipshared/0ba0/hdl/axi_lite_ipif_v3_0_vh_rfs.vhd:1775]
INFO: [Synth 8-256] done synthesizing module 'slave_attachment' (3#1) [c:/Users/tmcphill/GitRepos/ultrazed-eg-platforms/starter-kit-demo/starter-kit-demo.srcs/sources_1/bd/starter_kit_demo_design/ipshared/0ba0/hdl/axi_lite_ipif_v3_0_vh_rfs.vhd:2341]
INFO: [Synth 8-256] done synthesizing module 'axi_lite_ipif' (4#1) [c:/Users/tmcphill/GitRepos/ultrazed-eg-platforms/starter-kit-demo/starter-kit-demo.srcs/sources_1/bd/starter_kit_demo_design/ipshared/0ba0/hdl/axi_lite_ipif_v3_0_vh_rfs.vhd:2948]
INFO: [Synth 8-638] synthesizing module 'GPIO_Core' [c:/Users/tmcphill/GitRepos/ultrazed-eg-platforms/starter-kit-demo/starter-kit-demo.srcs/sources_1/bd/starter_kit_demo_design/ipshared/4f16/hdl/axi_gpio_v2_0_vh_rfs.vhd:173]
INFO: [Synth 8-638] synthesizing module 'cdc_sync' [c:/Users/tmcphill/GitRepos/ultrazed-eg-platforms/starter-kit-demo/starter-kit-demo.srcs/sources_1/bd/starter_kit_demo_design/ipshared/52cb/hdl/lib_cdc_v1_0_rfs.vhd:106]
INFO: [Synth 8-256] done synthesizing module 'cdc_sync' (5#1) [c:/Users/tmcphill/GitRepos/ultrazed-eg-platforms/starter-kit-demo/starter-kit-demo.srcs/sources_1/bd/starter_kit_demo_design/ipshared/52cb/hdl/lib_cdc_v1_0_rfs.vhd:106]
INFO: [Synth 8-256] done synthesizing module 'GPIO_Core' (6#1) [c:/Users/tmcphill/GitRepos/ultrazed-eg-platforms/starter-kit-demo/starter-kit-demo.srcs/sources_1/bd/starter_kit_demo_design/ipshared/4f16/hdl/axi_gpio_v2_0_vh_rfs.vhd:173]
INFO: [Synth 8-256] done synthesizing module 'axi_gpio' (7#1) [c:/Users/tmcphill/GitRepos/ultrazed-eg-platforms/starter-kit-demo/starter-kit-demo.srcs/sources_1/bd/starter_kit_demo_design/ipshared/4f16/hdl/axi_gpio_v2_0_vh_rfs.vhd:1091]
INFO: [Synth 8-256] done synthesizing module 'starter_kit_demo_design_axi_gpio_1_0' (8#1) [c:/Users/tmcphill/GitRepos/ultrazed-eg-platforms/starter-kit-demo/starter-kit-demo.srcs/sources_1/bd/starter_kit_demo_design/ip/starter_kit_demo_design_axi_gpio_1_0_1/synth/starter_kit_demo_design_axi_gpio_1_0.vhd:84]
Finished RTL Elaboration : Time (s): cpu = 00:00:18 ; elapsed = 00:00:21 . Memory (MB): peak = 631.934 ; gain = 422.238
Finished RTL Optimization Phase 1 : Time (s): cpu = 00:00:19 ; elapsed = 00:00:21 . Memory (MB): peak = 631.934 ; gain = 422.238
INFO: [Device 21-403] Loading part xczu3eg-sfva625-1-i-es1
Constraint Validation Runtime : Time (s): cpu = 00:00:00 ; elapsed = 00:00:00.036 . Memory (MB): peak = 1259.551 ; gain = 0.035
Finished Constraint Validation : Time (s): cpu = 00:00:32 ; elapsed = 00:00:35 . Memory (MB): peak = 1259.551 ; gain = 1049.855
Finished Loading Part and Timing Information : Time (s): cpu = 00:00:32 ; elapsed = 00:00:35 . Memory (MB): peak = 1259.551 ; gain = 1049.855
Finished applying 'set_property' XDC Constraints : Time (s): cpu = 00:00:32 ; elapsed = 00:00:35 . Memory (MB): peak = 1259.551 ; gain = 1049.855
Finished RTL Optimization Phase 2 : Time (s): cpu = 00:00:32 ; elapsed = 00:00:35 . Memory (MB): peak = 1259.551 ; gain = 1049.855
Finished Cross Boundary and Area Optimization : Time (s): cpu = 00:00:33 ; elapsed = 00:00:36 . Memory (MB): peak = 1259.551 ; gain = 1049.855
Finished Applying XDC Timing Constraints : Time (s): cpu = 00:00:56 ; elapsed = 00:01:00 . Memory (MB): peak = 1807.105 ; gain = 1597.410
Finished Timing Optimization : Time (s): cpu = 00:00:56 ; elapsed = 00:01:00 . Memory (MB): peak = 1817.797 ; gain = 1608.102
Finished Technology Mapping : Time (s): cpu = 00:00:57 ; elapsed = 00:01:00 . Memory (MB): peak = 1827.379 ; gain = 1617.684
Finished IO Insertion : Time (s): cpu = 00:00:57 ; elapsed = 00:01:01 . Memory (MB): peak = 1827.379 ; gain = 1617.684
Finished Renaming Generated Instances : Time (s): cpu = 00:00:57 ; elapsed = 00:01:01 . Memory (MB): peak = 1827.379 ; gain = 1617.684
Finished Rebuilding User Hierarchy : Time (s): cpu = 00:00:57 ; elapsed = 00:01:01 . Memory (MB): peak = 1827.379 ; gain = 1617.684
Finished Renaming Generated Ports : Time (s): cpu = 00:00:57 ; elapsed = 00:01:01 . Memory (MB): peak = 1827.379 ; gain = 1617.684
Finished Handling Custom Attributes : Time (s): cpu = 00:00:57 ; elapsed = 00:01:01 . Memory (MB): peak = 1827.379 ; gain = 1617.684
Finished Renaming Generated Nets : Time (s): cpu = 00:00:57 ; elapsed = 00:01:01 . Memory (MB): peak = 1827.379 ; gain = 1617.684

Report Cell Usage: 
+------+-----+------+
|      |Cell |Count |
+------+-----+------+
|1     |LUT1 |     2|
|2     |LUT2 |     6|
|3     |LUT3 |     4|
|4     |LUT4 |    12|
|5     |LUT5 |    10|
|6     |LUT6 |    13|
|7     |FDR  |    32|
|8     |FDRE |    61|
|9     |FDSE |     8|
+------+-----+------+
Finished Writing Synthesis Report : Time (s): cpu = 00:00:57 ; elapsed = 00:01:01 . Memory (MB): peak = 1827.379 ; gain = 1617.684
synth_design: Time (s): cpu = 00:00:46 ; elapsed = 00:00:47 . Memory (MB): peak = 1843.207 ; gain = 1330.738
